mode: set
shanepee.com/api/service/arttoy.service.go:38.73,42.2 1 0
shanepee.com/api/service/arttoy.service.go:46.165,48.63 2 0
shanepee.com/api/service/arttoy.service.go:48.63,50.3 1 0
shanepee.com/api/service/arttoy.service.go:51.2,51.20 1 0
shanepee.com/api/service/arttoy.service.go:54.139,56.16 2 0
shanepee.com/api/service/arttoy.service.go:56.16,58.3 1 0
shanepee.com/api/service/arttoy.service.go:59.2,59.31 1 0
shanepee.com/api/service/arttoy.service.go:59.31,61.3 1 0
shanepee.com/api/service/arttoy.service.go:62.2,62.70 1 0
shanepee.com/api/service/arttoy.service.go:62.70,64.3 1 0
shanepee.com/api/service/arttoy.service.go:65.2,66.16 2 0
shanepee.com/api/service/arttoy.service.go:66.16,68.3 1 0
shanepee.com/api/service/arttoy.service.go:69.2,69.27 1 0
shanepee.com/api/service/arttoy.service.go:72.87,74.16 2 0
shanepee.com/api/service/arttoy.service.go:74.16,76.3 1 0
shanepee.com/api/service/arttoy.service.go:77.2,77.21 1 0
shanepee.com/api/service/arttoy.service.go:80.135,82.2 1 0
shanepee.com/api/service/arttoy.service.go:84.111,86.16 2 0
shanepee.com/api/service/arttoy.service.go:86.16,88.3 1 0
shanepee.com/api/service/arttoy.service.go:89.2,89.21 1 0
shanepee.com/api/service/arttoy.service.go:92.98,94.16 2 0
shanepee.com/api/service/arttoy.service.go:94.16,96.3 1 0
shanepee.com/api/service/arttoy.service.go:97.2,97.20 1 0
shanepee.com/api/service/arttoy.service.go:100.94,102.16 2 0
shanepee.com/api/service/arttoy.service.go:102.16,104.3 1 0
shanepee.com/api/service/arttoy.service.go:105.2,105.31 1 0
shanepee.com/api/service/arttoy.service.go:105.31,107.3 1 0
shanepee.com/api/service/arttoy.service.go:108.2,108.43 1 0
shanepee.com/api/service/auth.service.go:32.90,37.2 1 1
shanepee.com/api/service/auth.service.go:56.38,59.2 2 1
shanepee.com/api/service/auth.service.go:61.110,63.26 1 1
shanepee.com/api/service/auth.service.go:63.26,65.3 1 1
shanepee.com/api/service/auth.service.go:67.2,72.16 4 1
shanepee.com/api/service/auth.service.go:72.16,75.3 1 1
shanepee.com/api/service/auth.service.go:76.2,78.16 3 1
shanepee.com/api/service/auth.service.go:78.16,81.3 1 1
shanepee.com/api/service/auth.service.go:83.2,83.18 1 1
shanepee.com/api/service/auth.service.go:86.107,88.16 2 0
shanepee.com/api/service/auth.service.go:88.16,89.45 1 0
shanepee.com/api/service/auth.service.go:89.45,91.4 1 0
shanepee.com/api/service/auth.service.go:92.3,92.18 1 0
shanepee.com/api/service/auth.service.go:95.2,97.16 3 0
shanepee.com/api/service/auth.service.go:97.16,98.58 1 0
shanepee.com/api/service/auth.service.go:98.58,100.4 1 0
shanepee.com/api/service/auth.service.go:101.3,101.18 1 0
shanepee.com/api/service/auth.service.go:103.2,103.18 1 0
shanepee.com/api/service/auth.service.go:106.89,108.16 2 0
shanepee.com/api/service/auth.service.go:108.16,109.45 1 0
shanepee.com/api/service/auth.service.go:109.45,112.4 1 0
shanepee.com/api/service/auth.service.go:113.3,113.13 1 0
shanepee.com/api/service/auth.service.go:116.2,117.44 2 0
shanepee.com/api/service/auth.service.go:117.44,119.3 1 0
shanepee.com/api/service/auth.service.go:121.2,122.16 2 0
shanepee.com/api/service/auth.service.go:122.16,124.3 1 0
shanepee.com/api/service/auth.service.go:125.2,127.89 3 0
shanepee.com/api/service/auth.service.go:127.89,129.3 1 0
shanepee.com/api/service/auth.service.go:131.2,132.117 2 0
shanepee.com/api/service/auth.service.go:132.117,134.3 1 0
shanepee.com/api/service/auth.service.go:135.2,135.12 1 0
shanepee.com/api/service/auth.service.go:138.119,140.16 2 0
shanepee.com/api/service/auth.service.go:140.16,141.61 1 0
shanepee.com/api/service/auth.service.go:141.61,143.4 1 0
shanepee.com/api/service/auth.service.go:144.3,144.13 1 0
shanepee.com/api/service/auth.service.go:147.2,148.16 2 0
shanepee.com/api/service/auth.service.go:148.16,150.3 1 0
shanepee.com/api/service/auth.service.go:152.2,152.108 1 0
shanepee.com/api/service/auth.service.go:152.108,153.58 1 0
shanepee.com/api/service/auth.service.go:153.58,155.4 1 0
shanepee.com/api/service/auth.service.go:156.3,156.13 1 0
shanepee.com/api/service/auth.service.go:159.2,162.16 4 0
shanepee.com/api/service/auth.service.go:162.16,164.3 1 0
shanepee.com/api/service/auth.service.go:166.2,166.101 1 0
shanepee.com/api/service/auth.service.go:166.101,168.3 1 0
shanepee.com/api/service/auth.service.go:170.2,170.96 1 0
shanepee.com/api/service/auth.service.go:170.96,172.3 1 0
shanepee.com/api/service/auth.service.go:173.2,173.12 1 0
shanepee.com/api/service/auth.service.go:176.92,178.16 2 0
shanepee.com/api/service/auth.service.go:178.16,180.3 1 0
shanepee.com/api/service/auth.service.go:181.2,181.18 1 0
shanepee.com/api/service/auth.service.go:184.123,186.16 2 0
shanepee.com/api/service/auth.service.go:186.16,188.3 1 0
shanepee.com/api/service/auth.service.go:190.2,190.102 1 0
shanepee.com/api/service/auth.service.go:190.102,191.58 1 0
shanepee.com/api/service/auth.service.go:191.58,193.4 1 0
shanepee.com/api/service/auth.service.go:194.3,194.13 1 0
shanepee.com/api/service/auth.service.go:197.2,200.16 4 0
shanepee.com/api/service/auth.service.go:200.16,202.3 1 0
shanepee.com/api/service/auth.service.go:204.2,204.80 1 0
shanepee.com/api/service/auth.service.go:204.80,206.3 1 0
shanepee.com/api/service/auth.service.go:208.2,208.12 1 0
shanepee.com/api/service/cart.service.go:31.135,37.2 1 0
shanepee.com/api/service/cart.service.go:41.119,43.16 2 0
shanepee.com/api/service/cart.service.go:43.16,45.3 1 0
shanepee.com/api/service/cart.service.go:46.2,46.31 1 0
shanepee.com/api/service/cart.service.go:46.31,48.3 1 0
shanepee.com/api/service/cart.service.go:49.2,49.26 1 0
shanepee.com/api/service/cart.service.go:49.26,51.3 1 0
shanepee.com/api/service/cart.service.go:53.2,54.16 2 0
shanepee.com/api/service/cart.service.go:54.16,55.42 1 0
shanepee.com/api/service/cart.service.go:55.43,56.4 0 0
shanepee.com/api/service/cart.service.go:56.9,58.4 1 0
shanepee.com/api/service/cart.service.go:59.8,61.3 1 0
shanepee.com/api/service/cart.service.go:63.2,64.64 2 0
shanepee.com/api/service/cart.service.go:64.64,66.3 1 0
shanepee.com/api/service/cart.service.go:67.2,67.22 1 0
shanepee.com/api/service/cart.service.go:70.98,71.72 1 0
shanepee.com/api/service/cart.service.go:71.72,72.49 1 0
shanepee.com/api/service/cart.service.go:72.49,74.4 1 0
shanepee.com/api/service/cart.service.go:75.3,75.57 1 0
shanepee.com/api/service/cart.service.go:75.57,77.4 1 0
shanepee.com/api/service/cart.service.go:78.3,78.13 1 0
shanepee.com/api/service/cart.service.go:80.2,80.12 1 0
shanepee.com/api/service/cart.service.go:83.89,84.69 1 0
shanepee.com/api/service/cart.service.go:84.69,86.3 1 0
shanepee.com/api/service/cart.service.go:87.2,87.12 1 0
shanepee.com/api/service/cart.service.go:90.116,92.16 2 0
shanepee.com/api/service/cart.service.go:92.16,94.3 1 0
shanepee.com/api/service/cart.service.go:95.2,95.18 1 0
shanepee.com/api/service/cart.service.go:98.78,100.16 2 0
shanepee.com/api/service/cart.service.go:100.16,102.3 1 0
shanepee.com/api/service/cart.service.go:105.2,110.37 5 0
shanepee.com/api/service/cart.service.go:110.37,113.36 2 0
shanepee.com/api/service/cart.service.go:113.36,115.4 1 0
shanepee.com/api/service/cart.service.go:116.3,117.45 2 0
shanepee.com/api/service/cart.service.go:120.2,120.60 1 0
shanepee.com/api/service/cart.service.go:120.60,122.3 1 0
shanepee.com/api/service/cart.service.go:123.2,123.70 1 0
shanepee.com/api/service/cart.service.go:123.70,125.3 1 0
shanepee.com/api/service/cart.service.go:126.2,126.86 1 0
shanepee.com/api/service/cart.service.go:126.86,128.3 1 0
shanepee.com/api/service/cart.service.go:129.2,129.68 1 0
shanepee.com/api/service/cart.service.go:129.68,131.3 1 0
shanepee.com/api/service/cart.service.go:134.2,134.12 1 0
shanepee.com/api/service/chat.service.go:30.97,37.2 1 0
shanepee.com/api/service/chat.service.go:41.127,43.10 2 0
shanepee.com/api/service/chat.service.go:43.10,45.17 2 0
shanepee.com/api/service/chat.service.go:45.17,47.4 1 0
shanepee.com/api/service/chat.service.go:48.3,48.59 1 0
shanepee.com/api/service/chat.service.go:48.59,50.4 1 0
shanepee.com/api/service/chat.service.go:51.3,51.34 1 0
shanepee.com/api/service/chat.service.go:54.2,55.16 2 0
shanepee.com/api/service/chat.service.go:55.16,57.3 1 0
shanepee.com/api/service/chat.service.go:58.2,58.23 1 0
shanepee.com/api/service/chat.service.go:58.23,60.3 1 0
shanepee.com/api/service/chat.service.go:62.2,65.9 3 0
shanepee.com/api/service/chat.service.go:66.28,67.42 1 0
shanepee.com/api/service/chat.service.go:68.38,69.35 1 0
shanepee.com/api/service/chat.service.go:73.168,77.16 3 0
shanepee.com/api/service/chat.service.go:77.16,79.3 1 0
shanepee.com/api/service/chat.service.go:80.2,81.57 2 0
shanepee.com/api/service/chat.service.go:81.57,83.3 1 0
shanepee.com/api/service/chat.service.go:85.2,88.18 4 0
shanepee.com/api/service/chat.service.go:91.153,93.10 2 0
shanepee.com/api/service/chat.service.go:93.10,95.17 2 0
shanepee.com/api/service/chat.service.go:95.17,97.4 1 0
shanepee.com/api/service/chat.service.go:98.3,98.134 1 0
shanepee.com/api/service/chat.service.go:98.134,100.4 1 0
shanepee.com/api/service/chat.service.go:101.3,101.34 1 0
shanepee.com/api/service/chat.service.go:104.2,105.16 2 0
shanepee.com/api/service/chat.service.go:105.16,107.3 1 0
shanepee.com/api/service/chat.service.go:108.2,108.23 1 0
shanepee.com/api/service/chat.service.go:108.23,110.3 1 0
shanepee.com/api/service/chat.service.go:112.2,115.9 3 0
shanepee.com/api/service/chat.service.go:116.28,117.45 1 0
shanepee.com/api/service/chat.service.go:118.38,119.38 1 0
shanepee.com/api/service/chat.service.go:123.84,127.48 3 0
shanepee.com/api/service/chat.service.go:127.48,129.3 1 0
shanepee.com/api/service/chat.service.go:130.2,130.31 1 0
shanepee.com/api/service/chat.service.go:133.92,137.59 3 0
shanepee.com/api/service/chat.service.go:137.59,139.3 1 0
shanepee.com/api/service/chat.service.go:140.2,140.42 1 0
shanepee.com/api/service/chat.service.go:143.80,149.41 4 0
shanepee.com/api/service/chat.service.go:149.41,151.3 1 0
shanepee.com/api/service/chat.service.go:152.2,153.16 2 0
shanepee.com/api/service/chat.service.go:156.88,162.52 4 0
shanepee.com/api/service/chat.service.go:162.52,164.3 1 0
shanepee.com/api/service/chat.service.go:165.2,166.16 2 0
shanepee.com/api/service/chat.service.go:169.88,174.2 3 0
shanepee.com/api/service/chat.service.go:176.96,181.2 3 0
shanepee.com/api/service/order.service.go:27.69,31.2 1 0
shanepee.com/api/service/order.service.go:35.136,37.2 1 0
shanepee.com/api/service/order.service.go:39.134,41.2 1 0
shanepee.com/api/service/order.service.go:43.133,45.16 2 0
shanepee.com/api/service/order.service.go:45.16,47.3 1 0
shanepee.com/api/service/order.service.go:48.2,48.32 1 0
shanepee.com/api/service/order.service.go:48.32,50.3 1 0
shanepee.com/api/service/order.service.go:51.2,51.19 1 0
shanepee.com/api/service/order.service.go:54.131,56.16 2 0
shanepee.com/api/service/order.service.go:56.16,58.3 1 0
shanepee.com/api/service/order.service.go:59.2,59.30 1 0
shanepee.com/api/service/order.service.go:59.30,61.3 1 0
shanepee.com/api/service/order.service.go:62.2,62.19 1 0
shanepee.com/api/service/order.service.go:65.137,67.16 2 0
shanepee.com/api/service/order.service.go:67.16,69.3 1 0
shanepee.com/api/service/order.service.go:70.2,70.32 1 0
shanepee.com/api/service/order.service.go:70.32,72.3 1 0
shanepee.com/api/service/order.service.go:74.2,74.68 1 0
shanepee.com/api/service/order.service.go:74.68,76.3 1 0
shanepee.com/api/service/order.service.go:77.2,78.16 2 0
shanepee.com/api/service/order.service.go:78.16,80.3 1 0
shanepee.com/api/service/order.service.go:81.2,81.26 1 0
shanepee.com/api/service/order.service.go:84.111,86.16 2 0
shanepee.com/api/service/order.service.go:86.16,88.3 1 0
shanepee.com/api/service/order.service.go:89.2,89.30 1 0
shanepee.com/api/service/order.service.go:89.30,91.3 1 0
shanepee.com/api/service/order.service.go:93.2,95.68 3 0
shanepee.com/api/service/order.service.go:95.68,97.3 1 0
shanepee.com/api/service/order.service.go:98.2,99.16 2 0
shanepee.com/api/service/order.service.go:99.16,101.3 1 0
shanepee.com/api/service/order.service.go:102.2,102.26 1 0
shanepee.com/api/service/review.service.go:23.107,28.2 1 0
shanepee.com/api/service/review.service.go:32.145,34.16 2 0
shanepee.com/api/service/review.service.go:34.16,36.3 1 0
shanepee.com/api/service/review.service.go:37.2,37.30 1 0
shanepee.com/api/service/review.service.go:37.30,39.3 1 0
shanepee.com/api/service/review.service.go:41.2,42.63 2 0
shanepee.com/api/service/review.service.go:42.63,44.3 1 0
shanepee.com/api/service/review.service.go:45.2,45.20 1 0
shanepee.com/api/service/review.service.go:48.149,50.16 2 0
shanepee.com/api/service/review.service.go:50.16,52.3 1 0
shanepee.com/api/service/review.service.go:53.2,53.21 1 0
shanepee.com/api/service/stripe.service.go:31.211,41.2 1 0
shanepee.com/api/service/stripe.service.go:45.89,48.16 2 0
shanepee.com/api/service/stripe.service.go:48.16,50.3 1 0
shanepee.com/api/service/stripe.service.go:52.2,53.16 2 0
shanepee.com/api/service/stripe.service.go:53.16,55.3 1 0
shanepee.com/api/service/stripe.service.go:57.2,59.37 2 0
shanepee.com/api/service/stripe.service.go:59.37,70.3 1 0
shanepee.com/api/service/stripe.service.go:72.2,80.16 5 0
shanepee.com/api/service/stripe.service.go:80.16,82.3 1 0
shanepee.com/api/service/stripe.service.go:83.2,83.24 1 0
shanepee.com/api/service/stripe.service.go:86.110,93.16 3 0
shanepee.com/api/service/stripe.service.go:93.16,95.3 1 0
shanepee.com/api/service/stripe.service.go:102.2,102.48 1 0
shanepee.com/api/service/stripe.service.go:102.48,105.17 3 0
shanepee.com/api/service/stripe.service.go:105.17,108.4 2 0
shanepee.com/api/service/stripe.service.go:111.3,118.17 6 0
shanepee.com/api/service/stripe.service.go:118.17,121.4 2 0
shanepee.com/api/service/stripe.service.go:122.3,123.13 2 0
shanepee.com/api/service/stripe.service.go:126.2,127.12 2 0
shanepee.com/api/service/user.service.go:15.65,19.2 1 0
shanepee.com/api/service/user.service.go:27.96,28.61 1 0
shanepee.com/api/service/user.service.go:28.61,30.3 1 0
shanepee.com/api/service/user.service.go:31.2,31.12 1 0
shanepee.com/api/service/user.service.go:34.93,36.16 2 0
shanepee.com/api/service/user.service.go:36.16,38.3 1 0
shanepee.com/api/service/user.service.go:39.2,39.21 1 0
shanepee.com/api/service/user.service.go:42.104,44.16 2 0
shanepee.com/api/service/user.service.go:44.16,46.3 1 0
shanepee.com/api/service/user.service.go:47.2,47.20 1 0
